#
# A fatal error has been detected by the Java Runtime Environment:
#
#  SIGSEGV (0xb) at pc=0x00007fffa7781b52, pid=2169, tid=0x0000000000001c03
#
# JRE version: Java(TM) SE Runtime Environment (8.0_92-b14) (build 1.8.0_92-b14)
# Java VM: Java HotSpot(TM) 64-Bit Server VM (25.92-b14 mixed mode bsd-amd64 compressed oops)
# Problematic frame:
# C  [libsystem_c.dylib+0x1b52]  strlen+0x12
#
# Failed to write core dump. Core dumps have been disabled. To enable core dumping, try "ulimit -c unlimited" before starting Java again
#
# If you would like to submit a bug report, please visit:
#   http://bugreport.java.com/bugreport/crash.jsp
# The crash happened outside the Java Virtual Machine in native code.
# See problematic frame for where to report the bug.
#

---------------  T H R E A D  ---------------

Current thread (0x00007f845d003000):  JavaThread "main" [_thread_in_native, id=7171, stack(0x000070000188f000,0x000070000198f000)]

siginfo: si_signo: 11 (SIGSEGV), si_code: 1 (SEGV_MAPERR), si_addr: 0x0000000000000000

Registers:
RAX=0x00000001246c73c0, RBX=0x00007f845be212a0, RCX=0x0000000000000000, RDX=0x0000000000000000
RSP=0x000070000198de10, RBP=0x000070000198de10, RSI=0x0000000000000000, RDI=0x0000000000000000
R8 =0x0000000000000000, R9 =0x0000000000000000, R10=0x0000000110273d69, R11=0x0000000000000002
R12=0x0000000000000000, R13=0x00007f845be212a0, R14=0x0000000000000000, R15=0x000000012455258c
RIP=0x00007fffa7781b52, EFLAGS=0x0000000000010246, ERR=0x0000000000000004
  TRAPNO=0x000000000000000e

Top of Stack: (sp=0x000070000198de10)
0x000070000198de10:   000070000198de40 0000000124552333
0x000070000198de20:   0000000124552314 0000000000000000
0x000070000198de30:   00007f845d0031f8 0000000000000000
0x000070000198de40:   000070000198de80 0000000124540a2c
0x000070000198de50:   0000000000000000 000070000198dee0
0x000070000198de60:   0000000000000000 00000001102beccc
0x000070000198de70:   000070000198dec0 00007f845d003000
0x000070000198de80:   000070000198ded0 0000000110273ddf
0x000070000198de90:   0000000000000000 00000007abd20040
0x000070000198dea0:   0000000000000000 0000000000000000
0x000070000198deb0:   deaddeaf00000000 00000007abd2a390
0x000070000198dec0:   00000007abd07980 0000000000000000
0x000070000198ded0:   0000000780008000 00000001102becec
0x000070000198dee0:   0000000000000047 00000007abd20040
0x000070000198def0:   00000007abd20058 00000007c00016d0
0x000070000198df00:   00000007c0060cc0 00000007abd20088
0x000070000198df10:   0000000780008010 00000007ab0cfc18
0x000070000198df20:   0000000000000040 00000007ab0cfd50
0x000070000198df30:   0000001000000018 00000007ab0cfd38
0x000070000198df40:   00000007ab0cfce0 00000007ab0cfc88
0x000070000198df50:   0000001900000022 00000007ab0cfce0
0x000070000198df60:   0000000000000058 00000007aad4ce20
0x000070000198df70:   0000000000000000 0000000000000000
0x000070000198df80:   0000000000000000 00000007abb08fd0
0x000070000198df90:   000070000198dff8 000000011013d2bd
0x000070000198dfa0:   0000000000000000 0000000000000000
0x000070000198dfb0:   00000007abb180f8 000070000198dfb8
0x000070000198dfc0:   00000001215379a0 000070000198e018
0x000070000198dfd0:   0000000121538028 0000000000000000
0x000070000198dfe0:   00000001215379d8 000070000198dfa8
0x000070000198dff0:   000070000198e018 000070000198e080
0x000070000198e000:   00000001101357a7 00000007abd20110 

Instructions: (pc=0x00007fffa7781b52)
0x00007fffa7781b32:   0e 01 f3 0f 7f 44 0f 01 5d c3 90 90 90 90 55 48
0x00007fffa7781b42:   89 e5 48 89 f9 48 89 fa 48 83 e7 f0 66 0f ef c0
0x00007fffa7781b52:   66 0f 74 07 66 0f d7 f0 48 83 e1 0f 48 83 c8 ff
0x00007fffa7781b62:   48 d3 e0 21 c6 74 17 0f bc c6 48 29 d7 48 01 f8 

Register to memory mapping:

RAX=0x00000001246c73c0: _ZTVN5MeCab12_GLOBAL__N_110TaggerImplE+0x10 in /usr/local/opt/mecab/lib/libmecab.2.dylib at 0x000000012454b000
RBX=0x00007f845be212a0 is an unknown value
RCX=0x0000000000000000 is an unknown value
RDX=0x0000000000000000 is an unknown value
RSP=0x000070000198de10 is pointing into the stack for thread: 0x00007f845d003000
RBP=0x000070000198de10 is pointing into the stack for thread: 0x00007f845d003000
RSI=0x0000000000000000 is an unknown value
RDI=0x0000000000000000 is an unknown value
R8 =0x0000000000000000 is an unknown value
R9 =0x0000000000000000 is an unknown value
R10=0x0000000110273d69 is at entry_point+105 in (nmethod*)0x0000000110273b90
R11=0x0000000000000002 is an unknown value
R12=0x0000000000000000 is an unknown value
R13=0x00007f845be212a0 is an unknown value
R14=0x0000000000000000 is an unknown value
R15=0x000000012455258c: _ZN5MeCab12_GLOBAL__N_110TaggerImpl5parseEPKcm+0 in /usr/local/opt/mecab/lib/libmecab.2.dylib at 0x000000012454b000


Stack: [0x000070000188f000,0x000070000198f000],  sp=0x000070000198de10,  free space=1019k
Native frames: (J=compiled Java code, j=interpreted, Vv=VM code, C=native code)
C  [libsystem_c.dylib+0x1b52]  strlen+0x12
C  [libmecab.2.dylib+0x7333]  _ZN5MeCab12_GLOBAL__N_110TaggerImpl5parseEPKc+0x1f
C  [libMeCab.so+0x4a2c]  Java_org_chasen_mecab_MeCabJNI_Tagger_1parse_1_1SWIG_12+0x4c
J 109  org.chasen.mecab.MeCabJNI.Tagger_parse__SWIG_2(JLorg/chasen/mecab/Tagger;Ljava/lang/String;)Ljava/lang/String; (0 bytes) @ 0x0000000110273ddf [0x0000000110273d00+0xdf]
J 154% C2 chapter4.question30.mecabtextcreate(Ljava/lang/String;Ljava/lang/String;)V (178 bytes) @ 0x00000001102becec [0x00000001102be1e0+0xb0c]
j  chapter4.question30.main([Ljava/lang/String;)V+8
v  ~StubRoutines::call_stub
V  [libjvm.dylib+0x2ecc9a]
V  [libjvm.dylib+0x4cdb7c]
V  [libjvm.dylib+0x4ce0b0]
V  [libjvm.dylib+0x345118]
j  sun.reflect.NativeMethodAccessorImpl.invoke0(Ljava/lang/reflect/Method;Ljava/lang/Object;[Ljava/lang/Object;)Ljava/lang/Object;+0
j  sun.reflect.NativeMethodAccessorImpl.invoke(Ljava/lang/Object;[Ljava/lang/Object;)Ljava/lang/Object;+100
j  sun.reflect.DelegatingMethodAccessorImpl.invoke(Ljava/lang/Object;[Ljava/lang/Object;)Ljava/lang/Object;+6
j  java.lang.reflect.Method.invoke(Ljava/lang/Object;[Ljava/lang/Object;)Ljava/lang/Object;+56
j  com.intellij.rt.execution.application.AppMain.main([Ljava/lang/String;)V+180
v  ~StubRoutines::call_stub
V  [libjvm.dylib+0x2ecc9a]
V  [libjvm.dylib+0x323b0e]
V  [libjvm.dylib+0x31c885]
C  [java+0x3931]  JavaMain+0x9c4
C  [libsystem_pthread.dylib+0x393b]  _pthread_body+0xb4
C  [libsystem_pthread.dylib+0x3887]  _pthread_body+0x0
C  [libsystem_pthread.dylib+0x308d]  thread_start+0xd
C  0x0000000000000000

Java frames: (J=compiled Java code, j=interpreted, Vv=VM code)
J 109  org.chasen.mecab.MeCabJNI.Tagger_parse__SWIG_2(JLorg/chasen/mecab/Tagger;Ljava/lang/String;)Ljava/lang/String; (0 bytes) @ 0x0000000110273d69 [0x0000000110273d00+0x69]
J 154% C2 chapter4.question30.mecabtextcreate(Ljava/lang/String;Ljava/lang/String;)V (178 bytes) @ 0x00000001102becec [0x00000001102be1e0+0xb0c]
j  chapter4.question30.main([Ljava/lang/String;)V+8
v  ~StubRoutines::call_stub
j  sun.reflect.NativeMethodAccessorImpl.invoke0(Ljava/lang/reflect/Method;Ljava/lang/Object;[Ljava/lang/Object;)Ljava/lang/Object;+0
j  sun.reflect.NativeMethodAccessorImpl.invoke(Ljava/lang/Object;[Ljava/lang/Object;)Ljava/lang/Object;+100
j  sun.reflect.DelegatingMethodAccessorImpl.invoke(Ljava/lang/Object;[Ljava/lang/Object;)Ljava/lang/Object;+6
j  java.lang.reflect.Method.invoke(Ljava/lang/Object;[Ljava/lang/Object;)Ljava/lang/Object;+56
j  com.intellij.rt.execution.application.AppMain.main([Ljava/lang/String;)V+180
v  ~StubRoutines::call_stub

---------------  P R O C E S S  ---------------

Java Threads: ( => current thread )
  0x00007f845c0a2000 JavaThread "Monitor Ctrl-Break" daemon [_thread_in_native, id=19715, stack(0x00007000026b9000,0x00007000027b9000)]
  0x00007f845c03a800 JavaThread "Service Thread" daemon [_thread_blocked, id=18691, stack(0x00007000024b3000,0x00007000025b3000)]
  0x00007f845c820000 JavaThread "C1 CompilerThread2" daemon [_thread_blocked, id=18179, stack(0x00007000023b0000,0x00007000024b0000)]
  0x00007f845d03f000 JavaThread "C2 CompilerThread1" daemon [_thread_blocked, id=17667, stack(0x00007000022ad000,0x00007000023ad000)]
  0x00007f845c028000 JavaThread "C2 CompilerThread0" daemon [_thread_blocked, id=17155, stack(0x00007000021aa000,0x00007000022aa000)]
  0x00007f845d82c000 JavaThread "Signal Dispatcher" daemon [_thread_blocked, id=16643, stack(0x00007000020a7000,0x00007000021a7000)]
  0x00007f845d816800 JavaThread "Finalizer" daemon [_thread_blocked, id=12547, stack(0x0000700001fa4000,0x00007000020a4000)]
  0x00007f845d810000 JavaThread "Reference Handler" daemon [_thread_blocked, id=12035, stack(0x0000700001ea1000,0x0000700001fa1000)]
=>0x00007f845d003000 JavaThread "main" [_thread_in_native, id=7171, stack(0x000070000188f000,0x000070000198f000)]

Other Threads:
  0x00007f845d80d800 VMThread [stack: 0x0000700001d9e000,0x0000700001e9e000] [id=11523]
  0x00007f845d052000 WatcherThread [stack: 0x00007000025b6000,0x00007000026b6000] [id=19203]

VM state:not at safepoint (normal execution)

VM Mutex/Monitor currently owned by a thread: None

Heap:
 PSYoungGen      total 17408K, used 6725K [0x00000007aab00000, 0x00000007abe00000, 0x00000007c0000000)
  eden space 16384K, 37% used [0x00000007aab00000,0x00000007ab10d428,0x00000007abb00000)
  from space 1024K, 51% used [0x00000007abd00000,0x00000007abd84010,0x00000007abe00000)
  to   space 1024K, 0% used [0x00000007abb00000,0x00000007abb00000,0x00000007abc00000)
 ParOldGen       total 44032K, used 40K [0x0000000780000000, 0x0000000782b00000, 0x00000007aab00000)
  object space 44032K, 0% used [0x0000000780000000,0x000000078000a000,0x0000000782b00000)
 Metaspace       used 3116K, capacity 4564K, committed 4864K, reserved 1056768K
  class space    used 335K, capacity 388K, committed 512K, reserved 1048576K

Card table byte_map: [0x000000010f9ab000,0x000000010fbac000] byte_map_base: 0x000000010bdab000

Marking Bits: (ParMarkBitMap*) 0x000000010eee8bd0
 Begin Bits: [0x000000011f135000, 0x0000000120135000)
 End Bits:   [0x0000000120135000, 0x0000000121135000)

Polling page: 0x000000010ddfe000

CodeCache: size=245760Kb used=1565Kb max_used=1576Kb free=244194Kb
 bounds [0x0000000110135000, 0x00000001103a5000, 0x000000011f135000]
 total_blobs=407 nmethods=159 adapters=162
 compilation: enabled

Compilation events (10 events):
Event: 2.003 Thread 0x00007f845c820000  155   !   3       sun.nio.cs.StreamEncoder::write (78 bytes)
Event: 2.004 Thread 0x00007f845c820000 nmethod 155 0x00000001102b4e50 code [0x00000001102b5020, 0x00000001102b5708]
Event: 2.004 Thread 0x00007f845c820000  157       3       sun.nio.cs.StreamEncoder::implWrite (156 bytes)
Event: 2.005 Thread 0x00007f845c820000 nmethod 157 0x00000001102b8210 code [0x00000001102b8480, 0x00000001102b92e8]
Event: 2.005 Thread 0x00007f845c820000  156       3       sun.nio.cs.StreamEncoder::ensureOpen (18 bytes)
Event: 2.005 Thread 0x00007f845c820000 nmethod 156 0x00000001102b49d0 code [0x00000001102b4b40, 0x00000001102b4d88]
Event: 2.344 Thread 0x00007f845c028000  158       4       java.nio.Buffer::flip (20 bytes)
Event: 2.345 Thread 0x00007f845c028000 nmethod 158 0x0000000110264d50 code [0x0000000110264ea0, 0x0000000110264f18]
Event: 2.472 Thread 0x00007f845c028000  159       4       java.nio.Buffer::position (43 bytes)
Event: 2.473 Thread 0x00007f845c028000 nmethod 159 0x00000001102b46d0 code [0x00000001102b4820, 0x00000001102b48f8]

GC Heap History (10 events):
Event: 1.774 GC heap before
{Heap before GC invocations=2 (full 0):
 PSYoungGen      total 18944K, used 16896K [0x00000007aab00000, 0x00000007ac000000, 0x00000007c0000000)
  eden space 16384K, 100% used [0x00000007aab00000,0x00000007abb00000,0x00000007abb00000)
  from space 2560K, 20% used [0x00000007abb00000,0x00000007abb80020,0x00000007abd80000)
  to   space 2560K, 0% used [0x00000007abd80000,0x00000007abd80000,0x00000007ac000000)
 ParOldGen       total 44032K, used 8K [0x0000000780000000, 0x0000000782b00000, 0x00000007aab00000)
  object space 44032K, 0% used [0x0000000780000000,0x0000000780002000,0x0000000782b00000)
 Metaspace       used 3109K, capacity 4564K, committed 4864K, reserved 1056768K
  class space    used 335K, capacity 388K, committed 512K, reserved 1048576K
Event: 1.775 GC heap after
Heap after GC invocations=2 (full 0):
 PSYoungGen      total 18944K, used 576K [0x00000007aab00000, 0x00000007ac000000, 0x00000007c0000000)
  eden space 16384K, 0% used [0x00000007aab00000,0x00000007aab00000,0x00000007abb00000)
  from space 2560K, 22% used [0x00000007abd80000,0x00000007abe10000,0x00000007ac000000)
  to   space 2560K, 0% used [0x00000007abb00000,0x00000007abb00000,0x00000007abd80000)
 ParOldGen       total 44032K, used 16K [0x0000000780000000, 0x0000000782b00000, 0x00000007aab00000)
  object space 44032K, 0% used [0x0000000780000000,0x0000000780004000,0x0000000782b00000)
 Metaspace       used 3109K, capacity 4564K, committed 4864K, reserved 1056768K
  class space    used 335K, capacity 388K, committed 512K, reserved 1048576K
}
Event: 1.937 GC heap before
{Heap before GC invocations=3 (full 0):
 PSYoungGen      total 18944K, used 16960K [0x00000007aab00000, 0x00000007ac000000, 0x00000007c0000000)
  eden space 16384K, 100% used [0x00000007aab00000,0x00000007abb00000,0x00000007abb00000)
  from space 2560K, 22% used [0x00000007abd80000,0x00000007abe10000,0x00000007ac000000)
  to   space 2560K, 0% used [0x00000007abb00000,0x00000007abb00000,0x00000007abd80000)
 ParOldGen       total 44032K, used 16K [0x0000000780000000, 0x0000000782b00000, 0x00000007aab00000)
  object space 44032K, 0% used [0x0000000780000000,0x0000000780004000,0x0000000782b00000)
 Metaspace       used 3111K, capacity 4564K, committed 4864K, reserved 1056768K
  class space    used 335K, capacity 388K, committed 512K, reserved 1048576K
Event: 1.938 GC heap after
Heap after GC invocations=3 (full 0):
 PSYoungGen      total 18944K, used 496K [0x00000007aab00000, 0x00000007ac000000, 0x00000007c0000000)
  eden space 16384K, 0% used [0x00000007aab00000,0x00000007aab00000,0x00000007abb00000)
  from space 2560K, 19% used [0x00000007abb00000,0x00000007abb7c010,0x00000007abd80000)
  to   space 2560K, 0% used [0x00000007abd80000,0x00000007abd80000,0x00000007ac000000)
 ParOldGen       total 44032K, used 16K [0x0000000780000000, 0x0000000782b00000, 0x00000007aab00000)
  object space 44032K, 0% used [0x0000000780000000,0x0000000780004000,0x0000000782b00000)
 Metaspace       used 3111K, capacity 4564K, committed 4864K, reserved 1056768K
  class space    used 335K, capacity 388K, committed 512K, reserved 1048576K
}
Event: 2.107 GC heap before
{Heap before GC invocations=4 (full 0):
 PSYoungGen      total 18944K, used 16880K [0x00000007aab00000, 0x00000007ac000000, 0x00000007c0000000)
  eden space 16384K, 100% used [0x00000007aab00000,0x00000007abb00000,0x00000007abb00000)
  from space 2560K, 19% used [0x00000007abb00000,0x00000007abb7c010,0x00000007abd80000)
  to   space 2560K, 0% used [0x00000007abd80000,0x00000007abd80000,0x00000007ac000000)
 ParOldGen       total 44032K, used 16K [0x0000000780000000, 0x0000000782b00000, 0x00000007aab00000)
  object space 44032K, 0% used [0x0000000780000000,0x0000000780004000,0x0000000782b00000)
 Metaspace       used 3116K, capacity 4564K, committed 4864K, reserved 1056768K
  class space    used 335K, capacity 388K, committed 512K, reserved 1048576K
Event: 2.107 GC heap after
Heap after GC invocations=4 (full 0):
 PSYoungGen      total 18944K, used 496K [0x00000007aab00000, 0x00000007ac000000, 0x00000007c0000000)
  eden space 16384K, 0% used [0x00000007aab00000,0x00000007aab00000,0x00000007abb00000)
  from space 2560K, 19% used [0x00000007abd80000,0x00000007abdfc010,0x00000007ac000000)
  to   space 2560K, 0% used [0x00000007abb00000,0x00000007abb00000,0x00000007abd80000)
 ParOldGen       total 44032K, used 24K [0x0000000780000000, 0x0000000782b00000, 0x00000007aab00000)
  object space 44032K, 0% used [0x0000000780000000,0x0000000780006000,0x0000000782b00000)
 Metaspace       used 3116K, capacity 4564K, committed 4864K, reserved 1056768K
  class space    used 335K, capacity 388K, committed 512K, reserved 1048576K
}
Event: 2.329 GC heap before
{Heap before GC invocations=5 (full 0):
 PSYoungGen      total 18944K, used 16880K [0x00000007aab00000, 0x00000007ac000000, 0x00000007c0000000)
  eden space 16384K, 100% used [0x00000007aab00000,0x00000007abb00000,0x00000007abb00000)
  from space 2560K, 19% used [0x00000007abd80000,0x00000007abdfc010,0x00000007ac000000)
  to   space 2560K, 0% used [0x00000007abb00000,0x00000007abb00000,0x00000007abd80000)
 ParOldGen       total 44032K, used 24K [0x0000000780000000, 0x0000000782b00000, 0x00000007aab00000)
  object space 44032K, 0% used [0x0000000780000000,0x0000000780006000,0x0000000782b00000)
 Metaspace       used 3116K, capacity 4564K, committed 4864K, reserved 1056768K
  class space    used 335K, capacity 388K, committed 512K, reserved 1048576K
Event: 2.330 GC heap after
Heap after GC invocations=5 (full 0):
 PSYoungGen      total 17408K, used 528K [0x00000007aab00000, 0x00000007abe00000, 0x00000007c0000000)
  eden space 16384K, 0% used [0x00000007aab00000,0x00000007aab00000,0x00000007abb00000)
  from space 1024K, 51% used [0x00000007abb00000,0x00000007abb84010,0x00000007abc00000)
  to   space 1024K, 0% used [0x00000007abd00000,0x00000007abd00000,0x00000007abe00000)
 ParOldGen       total 44032K, used 32K [0x0000000780000000, 0x0000000782b00000, 0x00000007aab00000)
  object space 44032K, 0% used [0x0000000780000000,0x0000000780008000,0x0000000782b00000)
 Metaspace       used 3116K, capacity 4564K, committed 4864K, reserved 1056768K
  class space    used 335K, capacity 388K, committed 512K, reserved 1048576K
}
Event: 2.534 GC heap before
{Heap before GC invocations=6 (full 0):
 PSYoungGen      total 17408K, used 16912K [0x00000007aab00000, 0x00000007abe00000, 0x00000007c0000000)
  eden space 16384K, 100% used [0x00000007aab00000,0x00000007abb00000,0x00000007abb00000)
  from space 1024K, 51% used [0x00000007abb00000,0x00000007abb84010,0x00000007abc00000)
  to   space 1024K, 0% used [0x00000007abd00000,0x00000007abd00000,0x00000007abe00000)
 ParOldGen       total 44032K, used 32K [0x0000000780000000, 0x0000000782b00000, 0x00000007aab00000)
  object space 44032K, 0% used [0x0000000780000000,0x0000000780008000,0x0000000782b00000)
 Metaspace       used 3116K, capacity 4564K, committed 4864K, reserved 1056768K
  class space    used 335K, capacity 388K, committed 512K, reserved 1048576K
Event: 2.535 GC heap after
Heap after GC invocations=6 (full 0):
 PSYoungGen      total 17408K, used 528K [0x00000007aab00000, 0x00000007abe00000, 0x00000007c0000000)
  eden space 16384K, 0% used [0x00000007aab00000,0x00000007aab00000,0x00000007abb00000)
  from space 1024K, 51% used [0x00000007abd00000,0x00000007abd84010,0x00000007abe00000)
  to   space 1024K, 0% used [0x00000007abb00000,0x00000007abb00000,0x00000007abc00000)
 ParOldGen       total 44032K, used 40K [0x0000000780000000, 0x0000000782b00000, 0x00000007aab00000)
  object space 44032K, 0% used [0x0000000780000000,0x000000078000a000,0x0000000782b00000)
 Metaspace       used 3116K, capacity 4564K, committed 4864K, reserved 1056768K
  class space    used 335K, capacity 388K, committed 512K, reserved 1048576K
}

Deoptimization events (3 events):
Event: 0.509 Thread 0x00007f845d003000 Uncommon trap: reason=unstable_if action=reinterpret pc=0x0000000110259a90 method=java.lang.Character.isSurrogate(C)Z @ 3
Event: 1.121 Thread 0x00007f845d003000 Uncommon trap: reason=unstable_if action=reinterpret pc=0x0000000110274c60 method=sun.nio.cs.UTF_8$Encoder.encodeArrayLoop(Ljava/nio/CharBuffer;Ljava/nio/ByteBuffer;)Ljava/nio/charset/CoderResult; @ 166
Event: 2.624 Thread 0x00007f845d003000 Uncommon trap: reason=unstable_if action=reinterpret pc=0x000000011027e808 method=java.io.BufferedReader.readLine(Z)Ljava/lang/String; @ 55

Internal exceptions (2 events):
Event: 0.043 Thread 0x00007f845d003000 Exception <a 'java/lang/NoSuchMethodError': Method sun.misc.Unsafe.defineClass(Ljava/lang/String;[BII)Ljava/lang/Class; name or signature does not match> (0x00000007aab07cc0) thrown at [/Users/java_re/workspace/8-2-build-macosx-x86_64/jdk8u92/6642/hotspot
Event: 0.043 Thread 0x00007f845d003000 Exception <a 'java/lang/NoSuchMethodError': Method sun.misc.Unsafe.prefetchRead(Ljava/lang/Object;J)V name or signature does not match> (0x00000007aab07fa8) thrown at [/Users/java_re/workspace/8-2-build-macosx-x86_64/jdk8u92/6642/hotspot/src/share/vm/prim

Events (10 events):
Event: 1.957 Thread 0x00007f845d003000 DEOPT UNPACKING pc=0x000000011017c633 sp=0x000070000198dc78 mode 0
Event: 2.107 Executing VM operation: ParallelGCFailedAllocation
Event: 2.107 Executing VM operation: ParallelGCFailedAllocation done
Event: 2.329 Executing VM operation: ParallelGCFailedAllocation
Event: 2.330 Executing VM operation: ParallelGCFailedAllocation done
Event: 2.534 Executing VM operation: ParallelGCFailedAllocation
Event: 2.536 Executing VM operation: ParallelGCFailedAllocation done
Event: 2.624 Thread 0x00007f845d003000 Uncommon trap: trap_request=0xffffff65 fr.pc=0x000000011027e808
Event: 2.624 Thread 0x00007f845d003000 DEOPT PACKING pc=0x000000011027e808 sp=0x000070000198de60
Event: 2.624 Thread 0x00007f845d003000 DEOPT UNPACKING pc=0x000000011013a229 sp=0x000070000198de08 mode 2


Dynamic libraries:
0x000000001cbd4000 	/System/Library/Frameworks/Cocoa.framework/Versions/A/Cocoa
0x000000001cbd4000 	/System/Library/Frameworks/Security.framework/Versions/A/Security
0x000000001cbd4000 	/System/Library/Frameworks/ApplicationServices.framework/Versions/A/ApplicationServices
0x000000001cbd4000 	/usr/lib/libz.1.dylib
0x000000001cbd4000 	/usr/lib/libSystem.B.dylib
0x000000001cbd4000 	/usr/lib/libobjc.A.dylib
0x000000001cbd4000 	/System/Library/Frameworks/CoreFoundation.framework/Versions/A/CoreFoundation
0x000000001cbd4000 	/System/Library/Frameworks/Foundation.framework/Versions/C/Foundation
0x000000001cbd4000 	/System/Library/Frameworks/AppKit.framework/Versions/C/AppKit
0x000000001cbd4000 	/System/Library/Frameworks/CoreData.framework/Versions/A/CoreData
0x000000001cbd4000 	/System/Library/PrivateFrameworks/RemoteViewServices.framework/Versions/A/RemoteViewServices
0x000000001cbd4000 	/System/Library/PrivateFrameworks/UIFoundation.framework/Versions/A/UIFoundation
0x000000001cbd4000 	/System/Library/PrivateFrameworks/DFRFoundation.framework/Versions/A/DFRFoundation
0x000000001cbd4000 	/usr/lib/libenergytrace.dylib
0x000000001cbd4000 	/System/Library/PrivateFrameworks/SkyLight.framework/Versions/A/SkyLight
0x000000001cbd4000 	/System/Library/Frameworks/CoreGraphics.framework/Versions/A/CoreGraphics
0x000000001cbd4000 	/usr/lib/libScreenReader.dylib
0x000000001cbd4000 	/System/Library/Frameworks/Accelerate.framework/Versions/A/Accelerate
0x000000001cbd4000 	/System/Library/Frameworks/IOSurface.framework/Versions/A/IOSurface
0x000000001cbd4000 	/System/Library/Frameworks/AudioToolbox.framework/Versions/A/AudioToolbox
0x000000001cbd4000 	/System/Library/Frameworks/AudioUnit.framework/Versions/A/AudioUnit
0x000000001cbd4000 	/System/Library/PrivateFrameworks/DataDetectorsCore.framework/Versions/A/DataDetectorsCore
0x000000001cbd4000 	/System/Library/PrivateFrameworks/DesktopServicesPriv.framework/Versions/A/DesktopServicesPriv
0x000000001cbd4000 	/System/Library/Frameworks/Carbon.framework/Versions/A/Frameworks/HIToolbox.framework/Versions/A/HIToolbox
0x000000001cbd4000 	/usr/lib/libicucore.A.dylib
0x000000001cbd4000 	/System/Library/Frameworks/QuartzCore.framework/Versions/A/QuartzCore
0x000000001cbd4000 	/System/Library/Frameworks/Carbon.framework/Versions/A/Frameworks/SpeechRecognition.framework/Versions/A/SpeechRecognition
0x000000001cbd4000 	/usr/lib/libauto.dylib
0x000000001cbd4000 	/usr/lib/libxml2.2.dylib
0x000000001cbd4000 	/System/Library/PrivateFrameworks/CoreUI.framework/Versions/A/CoreUI
0x000000001cbd4000 	/System/Library/Frameworks/CoreAudio.framework/Versions/A/CoreAudio
0x000000001cbd4000 	/System/Library/Frameworks/DiskArbitration.framework/Versions/A/DiskArbitration
0x000000001cbd4000 	/usr/lib/liblangid.dylib
0x000000001cbd4000 	/System/Library/PrivateFrameworks/MultitouchSupport.framework/Versions/A/MultitouchSupport
0x000000001cbd4000 	/System/Library/Frameworks/IOKit.framework/Versions/A/IOKit
0x000000001cbd4000 	/usr/lib/libDiagnosticMessagesClient.dylib
0x000000001cbd4000 	/System/Library/Frameworks/CoreServices.framework/Versions/A/CoreServices
0x000000001cbd4000 	/System/Library/PrivateFrameworks/PerformanceAnalysis.framework/Versions/A/PerformanceAnalysis
0x000000001cbd4000 	/System/Library/PrivateFrameworks/GenerationalStorage.framework/Versions/A/GenerationalStorage
0x000000001cbd4000 	/System/Library/Frameworks/OpenGL.framework/Versions/A/OpenGL
0x000000001cbd4000 	/System/Library/Frameworks/CoreImage.framework/Versions/A/CoreImage
0x000000001cbd4000 	/System/Library/Frameworks/CoreText.framework/Versions/A/CoreText
0x000000001cbd4000 	/System/Library/Frameworks/ImageIO.framework/Versions/A/ImageIO
0x000000001cbd4000 	/System/Library/PrivateFrameworks/Backup.framework/Versions/A/Backup
0x000000001cbd4000 	/usr/lib/libarchive.2.dylib
0x000000001cbd4000 	/System/Library/Frameworks/CFNetwork.framework/Versions/A/CFNetwork
0x000000001cbd4000 	/System/Library/Frameworks/SystemConfiguration.framework/Versions/A/SystemConfiguration
0x000000001cbd4000 	/usr/lib/libCRFSuite.dylib
0x000000001cbd4000 	/usr/lib/libc++.1.dylib
0x000000001cbd4000 	/usr/lib/libc++abi.dylib
0x000000001cbd4000 	/usr/lib/system/libcache.dylib
0x000000001cbd4000 	/usr/lib/system/libcommonCrypto.dylib
0x000000001cbd4000 	/usr/lib/system/libcompiler_rt.dylib
0x000000001cbd4000 	/usr/lib/system/libcopyfile.dylib
0x000000001cbd4000 	/usr/lib/system/libcorecrypto.dylib
0x000000001cbd4000 	/usr/lib/system/libdispatch.dylib
0x000000001cbd4000 	/usr/lib/system/libdyld.dylib
0x000000001cbd4000 	/usr/lib/system/libkeymgr.dylib
0x000000001cbd4000 	/usr/lib/system/liblaunch.dylib
0x000000001cbd4000 	/usr/lib/system/libmacho.dylib
0x000000001cbd4000 	/usr/lib/system/libquarantine.dylib
0x000000001cbd4000 	/usr/lib/system/libremovefile.dylib
0x000000001cbd4000 	/usr/lib/system/libsystem_asl.dylib
0x000000001cbd4000 	/usr/lib/system/libsystem_blocks.dylib
0x000000001cbd4000 	/usr/lib/system/libsystem_c.dylib
0x000000001cbd4000 	/usr/lib/system/libsystem_configuration.dylib
0x000000001cbd4000 	/usr/lib/system/libsystem_coreservices.dylib
0x000000001cbd4000 	/usr/lib/system/libsystem_coretls.dylib
0x000000001cbd4000 	/usr/lib/system/libsystem_dnssd.dylib
0x000000001cbd4000 	/usr/lib/system/libsystem_info.dylib
0x000000001cbd4000 	/usr/lib/system/libsystem_kernel.dylib
0x000000001cbd4000 	/usr/lib/system/libsystem_m.dylib
0x000000001cbd4000 	/usr/lib/system/libsystem_malloc.dylib
0x000000001cbd4000 	/usr/lib/system/libsystem_network.dylib
0x000000001cbd4000 	/usr/lib/system/libsystem_networkextension.dylib
0x000000001cbd4000 	/usr/lib/system/libsystem_notify.dylib
0x000000001cbd4000 	/usr/lib/system/libsystem_platform.dylib
0x000000001cbd4000 	/usr/lib/system/libsystem_pthread.dylib
0x000000001cbd4000 	/usr/lib/system/libsystem_sandbox.dylib
0x000000001cbd4000 	/usr/lib/system/libsystem_secinit.dylib
0x000000001cbd4000 	/usr/lib/system/libsystem_symptoms.dylib
0x000000001cbd4000 	/usr/lib/system/libsystem_trace.dylib
0x000000001cbd4000 	/usr/lib/system/libunwind.dylib
0x000000001cbd4000 	/usr/lib/system/libxpc.dylib
0x000000001cbd4000 	/usr/lib/libbsm.0.dylib
0x000000001cbd4000 	/usr/lib/system/libkxld.dylib
0x000000001cbd4000 	/usr/lib/libcoretls.dylib
0x000000001cbd4000 	/usr/lib/libcoretls_cfhelpers.dylib
0x000000001cbd4000 	/usr/lib/libOpenScriptingUtil.dylib
0x000000001cbd4000 	/usr/lib/libpam.2.dylib
0x000000001cbd4000 	/usr/lib/libsqlite3.dylib
0x000000001cbd4000 	/usr/lib/libxar.1.dylib
0x000000001cbd4000 	/usr/lib/libbz2.1.0.dylib
0x000000001cbd4000 	/usr/lib/liblzma.5.dylib
0x000000001cbd4000 	/usr/lib/libnetwork.dylib
0x000000001cbd4000 	/usr/lib/libpcap.A.dylib
0x000000001cbd4000 	/System/Library/Frameworks/CoreServices.framework/Versions/A/Frameworks/FSEvents.framework/Versions/A/FSEvents
0x000000001cbd4000 	/System/Library/Frameworks/CoreServices.framework/Versions/A/Frameworks/CarbonCore.framework/Versions/A/CarbonCore
0x000000001cbd4000 	/System/Library/Frameworks/CoreServices.framework/Versions/A/Frameworks/Metadata.framework/Versions/A/Metadata
0x000000001cbd4000 	/System/Library/Frameworks/CoreServices.framework/Versions/A/Frameworks/OSServices.framework/Versions/A/OSServices
0x000000001cbd4000 	/System/Library/Frameworks/CoreServices.framework/Versions/A/Frameworks/SearchKit.framework/Versions/A/SearchKit
0x000000001cbd4000 	/System/Library/Frameworks/CoreServices.framework/Versions/A/Frameworks/AE.framework/Versions/A/AE
0x000000001cbd4000 	/System/Library/Frameworks/CoreServices.framework/Versions/A/Frameworks/LaunchServices.framework/Versions/A/LaunchServices
0x000000001cbd4000 	/System/Library/Frameworks/CoreServices.framework/Versions/A/Frameworks/DictionaryServices.framework/Versions/A/DictionaryServices
0x000000001cbd4000 	/System/Library/Frameworks/CoreServices.framework/Versions/A/Frameworks/SharedFileList.framework/Versions/A/SharedFileList
0x000000001cbd4000 	/System/Library/Frameworks/NetFS.framework/Versions/A/NetFS
0x000000001cbd4000 	/System/Library/PrivateFrameworks/NetAuth.framework/Versions/A/NetAuth
0x000000001cbd4000 	/System/Library/PrivateFrameworks/login.framework/Versions/A/Frameworks/loginsupport.framework/Versions/A/loginsupport
0x000000001cbd4000 	/System/Library/PrivateFrameworks/TCC.framework/Versions/A/TCC
0x000000001cbd4000 	/usr/lib/libmecabra.dylib
0x000000001cbd4000 	/System/Library/Frameworks/ApplicationServices.framework/Versions/A/Frameworks/ATS.framework/Versions/A/ATS
0x000000001cbd4000 	/System/Library/Frameworks/ApplicationServices.framework/Versions/A/Frameworks/ColorSync.framework/Versions/A/ColorSync
0x000000001cbd4000 	/System/Library/Frameworks/ApplicationServices.framework/Versions/A/Frameworks/HIServices.framework/Versions/A/HIServices
0x000000001cbd4000 	/System/Library/Frameworks/ApplicationServices.framework/Versions/A/Frameworks/LangAnalysis.framework/Versions/A/LangAnalysis
0x000000001cbd4000 	/System/Library/Frameworks/ApplicationServices.framework/Versions/A/Frameworks/PrintCore.framework/Versions/A/PrintCore
0x000000001cbd4000 	/System/Library/Frameworks/ApplicationServices.framework/Versions/A/Frameworks/QD.framework/Versions/A/QD
0x000000001cbd4000 	/System/Library/Frameworks/ApplicationServices.framework/Versions/A/Frameworks/SpeechSynthesis.framework/Versions/A/SpeechSynthesis
0x000000001cbd4000 	/System/Library/Frameworks/Accelerate.framework/Versions/A/Frameworks/vImage.framework/Versions/A/vImage
0x000000001cbd4000 	/System/Library/Frameworks/Accelerate.framework/Versions/A/Frameworks/vecLib.framework/Versions/A/vecLib
0x000000001cbd4000 	/System/Library/Frameworks/Accelerate.framework/Versions/A/Frameworks/vecLib.framework/Versions/A/libvDSP.dylib
0x000000001cbd4000 	/System/Library/Frameworks/Accelerate.framework/Versions/A/Frameworks/vecLib.framework/Versions/A/libBNNS.dylib
0x000000001cbd4000 	/System/Library/Frameworks/Accelerate.framework/Versions/A/Frameworks/vecLib.framework/Versions/A/libQuadrature.dylib
0x000000001cbd4000 	/System/Library/Frameworks/Accelerate.framework/Versions/A/Frameworks/vecLib.framework/Versions/A/libvMisc.dylib
0x000000001cbd4000 	/System/Library/Frameworks/Accelerate.framework/Versions/A/Frameworks/vecLib.framework/Versions/A/libLAPACK.dylib
0x000000001cbd4000 	/System/Library/Frameworks/Accelerate.framework/Versions/A/Frameworks/vecLib.framework/Versions/A/libBLAS.dylib
0x000000001cbd4000 	/System/Library/Frameworks/Accelerate.framework/Versions/A/Frameworks/vecLib.framework/Versions/A/libLinearAlgebra.dylib
0x000000001cbd4000 	/System/Library/Frameworks/Accelerate.framework/Versions/A/Frameworks/vecLib.framework/Versions/A/libSparseBLAS.dylib
0x000000001cbd4000 	/System/Library/Frameworks/ApplicationServices.framework/Versions/A/Frameworks/ATS.framework/Versions/A/Resources/libFontParser.dylib
0x000000001cbd4000 	/System/Library/Frameworks/ApplicationServices.framework/Versions/A/Frameworks/ATS.framework/Versions/A/Resources/libFontRegistry.dylib
0x000000001cbd4000 	/System/Library/Frameworks/ImageIO.framework/Versions/A/Resources/libJPEG.dylib
0x000000001cbd4000 	/System/Library/Frameworks/ImageIO.framework/Versions/A/Resources/libTIFF.dylib
0x000000001cbd4000 	/System/Library/Frameworks/ImageIO.framework/Versions/A/Resources/libPng.dylib
0x000000001cbd4000 	/System/Library/Frameworks/ImageIO.framework/Versions/A/Resources/libGIF.dylib
0x000000001cbd4000 	/System/Library/Frameworks/ImageIO.framework/Versions/A/Resources/libJP2.dylib
0x000000001cbd4000 	/System/Library/Frameworks/ImageIO.framework/Versions/A/Resources/libRadiance.dylib
0x000000001cbd4000 	/usr/lib/libcompression.dylib
0x000000001cbd4000 	/System/Library/PrivateFrameworks/AppleJPEG.framework/Versions/A/AppleJPEG
0x000000001cbd4000 	/usr/lib/libcups.2.dylib
0x000000001cbd4000 	/System/Library/Frameworks/Kerberos.framework/Versions/A/Kerberos
0x000000001cbd4000 	/System/Library/Frameworks/GSS.framework/Versions/A/GSS
0x000000001cbd4000 	/usr/lib/libresolv.9.dylib
0x000000001cbd4000 	/usr/lib/libiconv.2.dylib
0x000000001cbd4000 	/System/Library/PrivateFrameworks/Heimdal.framework/Versions/A/Heimdal
0x000000001cbd4000 	/usr/lib/libheimdal-asn1.dylib
0x000000001cbd4000 	/System/Library/Frameworks/OpenDirectory.framework/Versions/A/OpenDirectory
0x000000001cbd4000 	/System/Library/PrivateFrameworks/CommonAuth.framework/Versions/A/CommonAuth
0x000000001cbd4000 	/System/Library/Frameworks/OpenDirectory.framework/Versions/A/Frameworks/CFOpenDirectory.framework/Versions/A/CFOpenDirectory
0x000000001cbd4000 	/System/Library/Frameworks/SecurityFoundation.framework/Versions/A/SecurityFoundation
0x000000001cbd4000 	/System/Library/PrivateFrameworks/LanguageModeling.framework/Versions/A/LanguageModeling
0x000000001cbd4000 	/usr/lib/libmarisa.dylib
0x000000001cbd4000 	/usr/lib/libChineseTokenizer.dylib
0x000000001cbd4000 	/usr/lib/libcmph.dylib
0x000000001cbd4000 	/System/Library/PrivateFrameworks/CoreEmoji.framework/Versions/A/CoreEmoji
0x000000001cbd4000 	/System/Library/Frameworks/ServiceManagement.framework/Versions/A/ServiceManagement
0x000000001cbd4000 	/usr/lib/libxslt.1.dylib
0x000000001cbd4000 	/System/Library/Frameworks/Carbon.framework/Versions/A/Frameworks/Ink.framework/Versions/A/Ink
0x000000001cbd4000 	/System/Library/PrivateFrameworks/TextureIO.framework/Versions/A/TextureIO
0x000000001cbd4000 	/System/Library/Frameworks/Metal.framework/Versions/A/Metal
0x000000001cbd4000 	/usr/lib/libate.dylib
0x000000001cbd4000 	/System/Library/PrivateFrameworks/GPUCompiler.framework/libmetal_timestamp.dylib
0x000000001cbd4000 	/System/Library/Frameworks/OpenGL.framework/Versions/A/Libraries/libCoreFSCache.dylib
0x000000001cbd4000 	/System/Library/PrivateFrameworks/IOAccelerator.framework/Versions/A/IOAccelerator
0x000000001cbd4000 	/System/Library/Frameworks/CoreVideo.framework/Versions/A/CoreVideo
0x000000001cbd4000 	/usr/lib/libFosl_dynamic.dylib
0x000000001cbd4000 	/System/Library/PrivateFrameworks/MetalPerformanceShaders.framework/Versions/A/MetalPerformanceShaders
0x000000001cbd4000 	/System/Library/PrivateFrameworks/FaceCore.framework/Versions/A/FaceCore
0x000000001cbd4000 	/System/Library/Frameworks/OpenCL.framework/Versions/A/OpenCL
0x000000001cbd4000 	/System/Library/Frameworks/OpenGL.framework/Versions/A/Libraries/libGLU.dylib
0x000000001cbd4000 	/System/Library/Frameworks/OpenGL.framework/Versions/A/Libraries/libGFXShared.dylib
0x000000001cbd4000 	/System/Library/Frameworks/OpenGL.framework/Versions/A/Libraries/libGL.dylib
0x000000001cbd4000 	/System/Library/Frameworks/OpenGL.framework/Versions/A/Libraries/libGLImage.dylib
0x000000001cbd4000 	/System/Library/Frameworks/OpenGL.framework/Versions/A/Libraries/libCVMSPluginSupport.dylib
0x000000001cbd4000 	/System/Library/Frameworks/OpenGL.framework/Versions/A/Libraries/libCoreVMClient.dylib
0x000000001cbd4000 	/System/Library/PrivateFrameworks/CrashReporterSupport.framework/Versions/A/CrashReporterSupport
0x000000001cbd4000 	/System/Library/PrivateFrameworks/Sharing.framework/Versions/A/Sharing
0x000000001cbd4000 	/System/Library/PrivateFrameworks/IconServices.framework/Versions/A/IconServices
0x000000001cbd4000 	/System/Library/PrivateFrameworks/ProtocolBuffer.framework/Versions/A/ProtocolBuffer
0x000000001cbd4000 	/System/Library/PrivateFrameworks/Apple80211.framework/Versions/A/Apple80211
0x000000001cbd4000 	/System/Library/Frameworks/CoreWLAN.framework/Versions/A/CoreWLAN
0x000000001cbd4000 	/System/Library/PrivateFrameworks/CoreUtils.framework/Versions/A/CoreUtils
0x000000001cbd4000 	/System/Library/Frameworks/IOBluetooth.framework/Versions/A/IOBluetooth
0x000000001cbd4000 	/System/Library/PrivateFrameworks/CoreWiFi.framework/Versions/A/CoreWiFi
0x000000001cbd4000 	/System/Library/Frameworks/CoreBluetooth.framework/Versions/A/CoreBluetooth
0x000000001cbd4000 	/System/Library/Frameworks/CoreDisplay.framework/Versions/A/CoreDisplay
0x000000001cbd4000 	/System/Library/PrivateFrameworks/IOPresentment.framework/Versions/A/IOPresentment
0x000000001cbd4000 	/System/Library/PrivateFrameworks/DSExternalDisplay.framework/Versions/A/DSExternalDisplay
0x000000001cbd4000 	/System/Library/PrivateFrameworks/DebugSymbols.framework/Versions/A/DebugSymbols
0x000000001cbd4000 	/System/Library/PrivateFrameworks/CoreSymbolication.framework/Versions/A/CoreSymbolication
0x000000001cbd4000 	/System/Library/PrivateFrameworks/Symbolication.framework/Versions/A/Symbolication
0x000000001cbd4000 	/System/Library/PrivateFrameworks/AppleFSCompression.framework/Versions/A/AppleFSCompression
0x000000001cbd4000 	/System/Library/PrivateFrameworks/SpeechRecognitionCore.framework/Versions/A/SpeechRecognitionCore
0x000000001cbd4000 	/System/Library/PrivateFrameworks/ChunkingLibrary.framework/Versions/A/ChunkingLibrary
0x00000000534ac000 	/System/Library/CoreServices/Encodings/libJapaneseConverter.dylib
0x000000010e600000 	/Library/Java/JavaVirtualMachines/jdk1.8.0_92.jdk/Contents/Home/jre/lib/server/libjvm.dylib
0x000000001cbd4000 	/usr/lib/libstdc++.6.dylib
0x000000010f597000 	/Library/Java/JavaVirtualMachines/jdk1.8.0_92.jdk/Contents/Home/jre/lib/libverify.dylib
0x000000010f5a5000 	/Library/Java/JavaVirtualMachines/jdk1.8.0_92.jdk/Contents/Home/jre/lib/libjava.dylib
0x000000010f5e2000 	/Library/Java/JavaVirtualMachines/jdk1.8.0_92.jdk/Contents/Home/jre/lib/libzip.dylib
0x0000000122a79000 	/System/Library/Frameworks/JavaVM.framework/Frameworks/JavaRuntimeSupport.framework/JavaRuntimeSupport
0x0000000122a93000 	/System/Library/Frameworks/JavaVM.framework/Versions/A/Frameworks/JavaNativeFoundation.framework/Versions/A/JavaNativeFoundation
0x0000000122aa8000 	/System/Library/Frameworks/JavaVM.framework/Versions/A/JavaVM
0x000000001cbd4000 	/System/Library/Frameworks/Carbon.framework/Versions/A/Carbon
0x0000000122ab5000 	/System/Library/PrivateFrameworks/JavaLaunching.framework/Versions/A/JavaLaunching
0x000000001cbd4000 	/System/Library/Frameworks/Carbon.framework/Versions/A/Frameworks/CommonPanels.framework/Versions/A/CommonPanels
0x000000001cbd4000 	/System/Library/Frameworks/Carbon.framework/Versions/A/Frameworks/Help.framework/Versions/A/Help
0x000000001cbd4000 	/System/Library/Frameworks/Carbon.framework/Versions/A/Frameworks/ImageCapture.framework/Versions/A/ImageCapture
0x000000001cbd4000 	/System/Library/Frameworks/Carbon.framework/Versions/A/Frameworks/OpenScripting.framework/Versions/A/OpenScripting
0x000000001cbd4000 	/System/Library/Frameworks/Carbon.framework/Versions/A/Frameworks/Print.framework/Versions/A/Print
0x000000001cbd4000 	/System/Library/Frameworks/Carbon.framework/Versions/A/Frameworks/SecurityHI.framework/Versions/A/SecurityHI
0x00000001244da000 	/Applications/IntelliJ IDEA.app/Contents/bin/libbreakgen64.jnilib
0x00000001244dd000 	/Library/Java/JavaVirtualMachines/jdk1.8.0_92.jdk/Contents/Home/jre/lib/libnet.dylib
0x000000012453c000 	/usr/local/lib/mecab-java/libMeCab.so
0x000000012454b000 	/usr/local/opt/mecab/lib/libmecab.2.dylib

VM Arguments:
jvm_args: -Didea.launcher.port=7533 -Didea.launcher.bin.path=/Applications/IntelliJ IDEA.app/Contents/bin -Dfile.encoding=UTF-8 
java_command: com.intellij.rt.execution.application.AppMain chapter4.question30
java_class_path (initial): /Library/Java/JavaVirtualMachines/jdk1.8.0_92.jdk/Contents/Home/jre/lib/charsets.jar:/Library/Java/JavaVirtualMachines/jdk1.8.0_92.jdk/Contents/Home/jre/lib/deploy.jar:/Library/Java/JavaVirtualMachines/jdk1.8.0_92.jdk/Contents/Home/jre/lib/ext/cldrdata.jar:/Library/Java/JavaVirtualMachines/jdk1.8.0_92.jdk/Contents/Home/jre/lib/ext/dnsns.jar:/Library/Java/JavaVirtualMachines/jdk1.8.0_92.jdk/Contents/Home/jre/lib/ext/jaccess.jar:/Library/Java/JavaVirtualMachines/jdk1.8.0_92.jdk/Contents/Home/jre/lib/ext/jfxrt.jar:/Library/Java/JavaVirtualMachines/jdk1.8.0_92.jdk/Contents/Home/jre/lib/ext/localedata.jar:/Library/Java/JavaVirtualMachines/jdk1.8.0_92.jdk/Contents/Home/jre/lib/ext/nashorn.jar:/Library/Java/JavaVirtualMachines/jdk1.8.0_92.jdk/Contents/Home/jre/lib/ext/sunec.jar:/Library/Java/JavaVirtualMachines/jdk1.8.0_92.jdk/Contents/Home/jre/lib/ext/sunjce_provider.jar:/Library/Java/JavaVirtualMachines/jdk1.8.0_92.jdk/Contents/Home/jre/lib/ext/sunpkcs11.jar:/Library/Java/JavaVirtualMachines/jdk1.8.0_92.jdk/Contents/Home/jre/lib/ext/zipfs.jar:/Library/Java/JavaVirtualMachines/jdk1.8.0_92.jdk/Contents/Home/jre/lib/javaws.jar:/Library/Java/JavaVirtualMachines/jdk1.8.0_92.jdk/Contents/Home/jre/lib/jce.jar:/Library/Java/JavaVirtualMachines/jdk1.8.0_92.jdk/Contents/Home/jre/lib/jfr.jar:/Library/Java/JavaVirtualMachines/jdk1.8.0_92.jdk/Contents/Home/jre/lib/jfxswt.jar:/Library/Java/JavaVirtualMachines/jdk1.8.0_92.jdk/Contents/Home/jre/lib/jsse.jar:/Library/Java/JavaVirtualMachines/jdk1.8.0_92.jdk/Contents/Home/jre/lib/management-agent.jar:/Library/Java/JavaVirtualMachines/jdk1.8.0_92.jdk/Contents/Home/jre/lib/plugin.jar:/Library/Java/JavaVirtualMachines/jdk1.8.0_92.jdk/Contents/Home/jre/lib/resources.jar:/Library/Java/JavaVirtualMachines/jdk1.8.0_92.jdk/Contents/Home/jre/lib/rt.jar:/Library/Java/JavaVirtualMachines/jdk1.8.0_92.jdk/Contents/Home/lib/ant-javafx.jar:/Library/Java/JavaVirtualMachines/jdk1.8.0_92.jdk/Contents/Home/lib/dt.jar:/Library/Ja
Launcher Type: SUN_STANDARD

Environment Variables:
PATH=/opt/local/bin:/opt/local/sbin:/opt/local/bin:/opt/local/sbin:/Users/yuta/anaconda/bin:/Library/Frameworks/Python.framework/Versions/3.4/bin:/usr/local/bin:/usr/bin:/bin:/usr/sbin:/sbin:/opt/X11/bin
SHELL=/bin/bash
DISPLAY=/private/tmp/com.apple.launchd.9uBAop6UcZ/org.macosforge.xquartz:0

Signal Handlers:
SIGSEGV: [libjvm.dylib+0x5aa779], sa_mask[0]=11111111011111110111111111111111, sa_flags=SA_ONSTACK|SA_RESTART|SA_SIGINFO
SIGBUS: [libjvm.dylib+0x5aa779], sa_mask[0]=11111111011111110111111111111111, sa_flags=SA_RESTART|SA_SIGINFO
SIGFPE: [libjvm.dylib+0x4831d0], sa_mask[0]=11111111011111110111111111111111, sa_flags=SA_RESTART|SA_SIGINFO
SIGPIPE: [libjvm.dylib+0x4831d0], sa_mask[0]=11111111011111110111111111111111, sa_flags=SA_RESTART|SA_SIGINFO
SIGXFSZ: [libjvm.dylib+0x4831d0], sa_mask[0]=11111111011111110111111111111111, sa_flags=SA_RESTART|SA_SIGINFO
SIGILL: [libjvm.dylib+0x4831d0], sa_mask[0]=11111111011111110111111111111111, sa_flags=SA_RESTART|SA_SIGINFO
SIGUSR1: SIG_DFL, sa_mask[0]=00000000000000000000000000000000, sa_flags=none
SIGUSR2: [libjvm.dylib+0x482cee], sa_mask[0]=00100000000000000000000000000000, sa_flags=SA_RESTART|SA_SIGINFO
SIGHUP: [libjvm.dylib+0x4812c5], sa_mask[0]=11111111011111110111111111111111, sa_flags=SA_RESTART|SA_SIGINFO
SIGINT: [libjvm.dylib+0x4812c5], sa_mask[0]=11111111011111110111111111111111, sa_flags=SA_RESTART|SA_SIGINFO
SIGTERM: [libjvm.dylib+0x4812c5], sa_mask[0]=11111111011111110111111111111111, sa_flags=SA_RESTART|SA_SIGINFO
SIGQUIT: [libjvm.dylib+0x4812c5], sa_mask[0]=11111111011111110111111111111111, sa_flags=SA_RESTART|SA_SIGINFO


---------------  S Y S T E M  ---------------

OS:Bsduname:Darwin 16.6.0 Darwin Kernel Version 16.6.0: Fri Apr 14 16:21:16 PDT 2017; root:xnu-3789.60.24~6/RELEASE_X86_64 x86_64
rlimit: STACK 8192k, CORE 0k, NPROC 709, NOFILE 10240, AS infinity
load average:1.75 1.72 1.76

CPU:total 4 (2 cores per cpu, 2 threads per core) family 6 model 61 stepping 4, cmov, cx8, fxsr, mmx, sse, sse2, sse3, ssse3, sse4.1, sse4.2, popcnt, avx, avx2, aes, clmul, erms, 3dnowpref, lzcnt, ht, tsc, tscinvbit, bmi1, bmi2, adx

Memory: 4k page, physical 4194304k(45008k free)

/proc/meminfo:


vm_info: Java HotSpot(TM) 64-Bit Server VM (25.92-b14) for bsd-amd64 JRE (1.8.0_92-b14), built on Mar 31 2016 21:23:14 by "java_re" with gcc 4.2.1 (Based on Apple Inc. build 5658) (LLVM build 2336.11.00)

time: Sun Jul  9 21:41:10 2017
elapsed time: 2 seconds (0d 0h 0m 2s)

